[2019-09-13] [Error] syntax error, unexpected ';' - L:\htdocs\agency\dist\application\config\functions.php --> Line 7
[2019-09-13] [Error] syntax error, unexpected ';' - L:\htdocs\agency\dist\application\config\functions.php --> Line 7
[2019-09-13] [Error] syntax error, unexpected ';' - L:\htdocs\agency\dist\application\config\functions.php --> Line 7
[2019-09-13] [Error] syntax error, unexpected ';' - L:\htdocs\agency\dist\application\config\functions.php --> Line 7
[2019-09-13] [Error] syntax error, unexpected ';' - L:\htdocs\agency\dist\application\config\functions.php --> Line 7
[2019-09-13] [Error] syntax error, unexpected ';' - L:\htdocs\agency\dist\application\config\functions.php --> Line 7
[2019-09-13] [Error] syntax error, unexpected ';' - L:\htdocs\agency\dist\application\config\functions.php --> Line 7
[2019-09-13] [Error] syntax error, unexpected ';' - L:\htdocs\agency\dist\application\config\functions.php --> Line 7
[2019-09-13] [Error] syntax error, unexpected ';' - L:\htdocs\agency\dist\application\config\functions.php --> Line 7
[2019-09-13] [Error] syntax error, unexpected 'if' (T_IF) - L:\htdocs\agency\dist\application\config\functions.php --> Line 7
[2019-09-13] [Notice] Constant APP_NAME already defined - L:\htdocs\agency\dist\application\controllers\IndexController.php --> Line 13
[2019-09-13] [Notice] Constant APP_NAME already defined - L:\htdocs\agency\dist\application\controllers\IndexController.php --> Line 13
[2019-09-13] [Error] Call to undefined function Application\Controllers\undefine() - L:\htdocs\agency\dist\application\controllers\IndexController.php --> Line 13
[2019-09-13] [Notice] Undefined variable: params - L:\htdocs\agency\dist\application\views\index.php --> Line 1
[2019-09-13] [Notice] Undefined variable: params - L:\htdocs\agency\dist\application\views\index.php --> Line 1
[2019-09-13] [Notice] Undefined variable: params - L:\htdocs\agency\dist\application\views\index.php --> Line 1
[2019-09-13] [Notice] Undefined variable: params - L:\htdocs\agency\dist\application\views\index.php --> Line 1
[2019-09-13] [Notice] Undefined variable: params - L:\htdocs\agency\dist\application\views\index.php --> Line 1
[2019-09-13] [Notice] Undefined variable: params - L:\htdocs\agency\dist\application\views\index.php --> Line 1
[2019-09-13] [Notice] Undefined variable: params - L:\htdocs\agency\dist\application\views\index.php --> Line 1
[2019-09-13] [Notice] Undefined variable: params - L:\htdocs\agency\dist\application\views\index.php --> Line 1
[2019-09-13] [Notice] Undefined variable: params - L:\htdocs\agency\dist\application\views\index.php --> Line 1
[2019-09-13] [Notice] Undefined variable: params - L:\htdocs\agency\dist\application\views\index.php --> Line 1
[2019-09-13] [Notice] Undefined variable: params - L:\htdocs\agency\dist\application\views\index.php --> Line 1
[2019-09-13] [Notice] Undefined variable: params - L:\htdocs\agency\dist\application\views\index.php --> Line 1
[2019-09-13] [Notice] Undefined variable: params - L:\htdocs\agency\dist\application\views\index.php --> Line 1
[2019-09-13] [Notice] Undefined variable: params - L:\htdocs\agency\dist\application\views\index.php --> Line 1
[2019-09-13] [Notice] Undefined variable: params - L:\htdocs\agency\dist\application\views\index.php --> Line 1
[2019-09-13] [Notice] Undefined variable: params - L:\htdocs\agency\dist\application\views\index.php --> Line 1
[2019-09-13] [Notice] Undefined variable: params - L:\htdocs\agency\dist\application\views\index.php --> Line 1
[2019-09-13] [Notice] Undefined variable: params - L:\htdocs\agency\dist\application\views\index.php --> Line 1
[2019-09-13] [Notice] Undefined variable: params - L:\htdocs\agency\dist\application\views\index.php --> Line 1
[2019-09-13] [Notice] Undefined variable: params - L:\htdocs\agency\dist\application\views\index.php --> Line 1
[2019-09-13] [Notice] Undefined variable: params - L:\htdocs\agency\dist\application\views\index.php --> Line 1
[2019-09-13] [Notice] Undefined variable: params - L:\htdocs\agency\dist\application\views\index.php --> Line 1
[2019-09-13] [Notice] Undefined variable: params - L:\htdocs\agency\dist\application\views\index.php --> Line 1
[2019-09-13] [Notice] Undefined variable: params - L:\htdocs\agency\dist\application\views\index.php --> Line 1
[2019-09-13] [Notice] Undefined variable: params - L:\htdocs\agency\dist\application\views\index.php --> Line 1
